<?xml version="1.0" encoding="UTF-8"?>
<!-- Generated by org.testng.reporters.JUnitReportReporter -->
<testsuite hostname="SS-2017-03-105" failures="0" tests="2" name="qaclickacademy.AppiumTest" time="0.008" errors="0" timestamp="2022-07-28T12:18:01 IST" skipped="0">
  <testcase classname="qaclickacademy.AppiumTest" name="IOSApps" time="0.007"/>
  <system-out/>
  <testcase classname="qaclickacademy.AppiumTest" name="NativeAPpAndroid" time="0.001"/>
  <system-out/>
</testsuite> <!-- qaclickacademy.AppiumTest -->
