<?xml version="1.0" encoding="UTF-8"?>
<!-- Generated by org.testng.reporters.JUnitReportReporter -->
<testsuite hostname="SS-2017-03-105" failures="0" tests="1" name="qaclickacademy.RESTAPITest" time="0.000" errors="0" timestamp="28 Jul 2022 10:41:23 GMT" skipped="0">
  <testcase classname="qaclickacademy.RESTAPITest" name="deleteTwitter" time="0.000"/>
</testsuite> <!-- qaclickacademy.RESTAPITest -->
